<?xml version="1.0" encoding="UTF-8"?>
<!-- Generated by org.testng.reporters.JUnitXMLReporter -->
<testsuite ignored="0" hostname="DESKTOP-L042VK9" failures="0" tests="8" name="Test" time="0.172" errors="0" timestamp="2022-07-21T20:07:53 IST">
  <testcase classname="tests.AssignLeaveTest" name="@BeforeMethod setUp" time="0.01">
    <failure type="java.lang.NullPointerException" message="Cannot invoke &amp;quot;String.equalsIgnoreCase(String)&amp;quot; because &amp;quot;browserName&amp;quot; is null">
      <![CDATA[java.lang.NullPointerException: Cannot invoke "String.equalsIgnoreCase(String)" because "browserName" is null
at pages.BasePage.setupDriver(BasePage.java:21)
at tests.AssignLeaveTest.setUp(AssignLeaveTest.java:21)
at java.base/java.util.ArrayList.forEach(ArrayList.java:1511)
... Removed 31 stack frames]]>
    </failure>
  </testcase> <!-- @BeforeMethod setUp -->
  <testcase classname="tests.AssignLeaveTest" name="@AfterMethod closeBrowser" time="-1.658414273227E9">
    <skipped/>
  </testcase> <!-- @AfterMethod closeBrowser -->
  <testcase classname="tests.AssignLeaveTest" name="@BeforeMethod setUp" time="-1.658414273233E9">
    <skipped/>
  </testcase> <!-- @BeforeMethod setUp -->
  <testcase classname="tests.AssignLeaveTest" name="@AfterMethod closeBrowser" time="-1.658414273246E9">
    <skipped/>
  </testcase> <!-- @AfterMethod closeBrowser -->
  <testcase classname="tests.LoginTest" name="@BeforeMethod setUp" time="0.004">
    <failure type="java.lang.NullPointerException" message="Cannot invoke &amp;quot;String.equalsIgnoreCase(String)&amp;quot; because &amp;quot;browserName&amp;quot; is null">
      <![CDATA[java.lang.NullPointerException: Cannot invoke "String.equalsIgnoreCase(String)" because "browserName" is null
at pages.BasePage.setupDriver(BasePage.java:21)
at tests.LoginTest.setUp(LoginTest.java:17)
at java.base/java.util.ArrayList.forEach(ArrayList.java:1511)
... Removed 31 stack frames]]>
    </failure>
  </testcase> <!-- @BeforeMethod setUp -->
  <testcase classname="tests.LoginTest" name="@AfterMethod closeBrowser" time="-1.658414273276E9">
    <skipped/>
  </testcase> <!-- @AfterMethod closeBrowser -->
  <testcase classname="tests.LoginTest" name="@BeforeMethod setUp" time="-1.658414273282E9">
    <skipped/>
  </testcase> <!-- @BeforeMethod setUp -->
  <testcase classname="tests.LoginTest" name="@AfterMethod closeBrowser" time="-1.658414273291E9">
    <skipped/>
  </testcase> <!-- @AfterMethod closeBrowser -->
  <testcase classname="tests.LoginTest" name="@BeforeMethod setUp" time="-1.658414273294E9">
    <skipped/>
  </testcase> <!-- @BeforeMethod setUp -->
  <testcase classname="tests.LoginTest" name="@AfterMethod closeBrowser" time="-1.658414273306E9">
    <skipped/>
  </testcase> <!-- @AfterMethod closeBrowser -->
  <testcase classname="tests.LoginTest" name="@BeforeMethod setUp" time="-1.658414273308E9">
    <skipped/>
  </testcase> <!-- @BeforeMethod setUp -->
  <testcase classname="tests.LoginTest" name="@AfterMethod closeBrowser" time="-1.658414273313E9">
    <skipped/>
  </testcase> <!-- @AfterMethod closeBrowser -->
  <testcase classname="tests.LoginTest" name="@BeforeMethod setUp" time="-1.658414273318E9">
    <skipped/>
  </testcase> <!-- @BeforeMethod setUp -->
  <testcase classname="tests.LoginTest" name="@AfterMethod closeBrowser" time="-1.658414273322E9">
    <skipped/>
  </testcase> <!-- @AfterMethod closeBrowser -->
  <testcase classname="tests.LoginTest" name="@BeforeMethod setUp" time="-1.658414273324E9">
    <skipped/>
  </testcase> <!-- @BeforeMethod setUp -->
  <testcase classname="tests.LoginTest" name="@AfterMethod closeBrowser" time="-1.65841427333E9">
    <skipped/>
  </testcase> <!-- @AfterMethod closeBrowser -->
  <testcase classname="tests.AssignLeaveTest" name="requiredFieldsValidation" time="0.0">
    <skipped/>
  </testcase> <!-- requiredFieldsValidation -->
  <testcase classname="tests.AssignLeaveTest" name="assignALeave" time="0.0">
    <skipped/>
  </testcase> <!-- assignALeave -->
  <testcase classname="tests.LoginTest" name="loginToTheSystemWithValidCredentials" time="0.0">
    <skipped/>
  </testcase> <!-- loginToTheSystemWithValidCredentials -->
  <testcase classname="tests.LoginTest" name="invalidUsernameWithValidPassword" time="0.0">
    <skipped/>
  </testcase> <!-- invalidUsernameWithValidPassword -->
  <testcase classname="tests.LoginTest" name="validUsernameWithInvalidPassword" time="0.0">
    <skipped/>
  </testcase> <!-- validUsernameWithInvalidPassword -->
  <testcase classname="tests.LoginTest" name="invalidUsernameWithInvalidPassword" time="0.0">
    <skipped/>
  </testcase> <!-- invalidUsernameWithInvalidPassword -->
  <testcase classname="tests.LoginTest" name="emptyUsername" time="0.0">
    <skipped/>
  </testcase> <!-- emptyUsername -->
  <testcase classname="tests.LoginTest" name="emptyPassword" time="0.0">
    <skipped/>
  </testcase> <!-- emptyPassword -->
</testsuite> <!-- Test -->
